Determining if the pthread_create exist failed with the following output:
Change Dir: /home/sarah/ROS/AUCRobotics/day3/tasks/first_ws/build/CMakeFiles/CMakeTmp

Run Build Command:"/usr/bin/make" "cmTC_5ab7d/fast"
/usr/bin/make -f CMakeFiles/cmTC_5ab7d.dir/build.make CMakeFiles/cmTC_5ab7d.dir/build
make[1]: Entering directory '/home/sarah/ROS/AUCRobotics/day3/tasks/first_ws/build/CMakeFiles/CMakeTmp'
Building C object CMakeFiles/cmTC_5ab7d.dir/CheckSymbolExists.c.o
/usr/bin/cc    -o CMakeFiles/cmTC_5ab7d.dir/CheckSymbolExists.c.o   -c /home/sarah/ROS/AUCRobotics/day3/tasks/first_ws/build/CMakeFiles/CMakeTmp/CheckSymbolExists.c
Linking C executable cmTC_5ab7d
/usr/bin/cmake -E cmake_link_script CMakeFiles/cmTC_5ab7d.dir/link.txt --verbose=1
/usr/bin/cc      -rdynamic CMakeFiles/cmTC_5ab7d.dir/CheckSymbolExists.c.o  -o cmTC_5ab7d 
CMakeFiles/cmTC_5ab7d.dir/CheckSymbolExists.c.o: In function `main':
CheckSymbolExists.c:(.text+0x1b): undefined reference to `pthread_create'
collect2: error: ld returned 1 exit status
CMakeFiles/cmTC_5ab7d.dir/build.make:97: recipe for target 'cmTC_5ab7d' failed
make[1]: *** [cmTC_5ab7d] Error 1
make[1]: Leaving directory '/home/sarah/ROS/AUCRobotics/day3/tasks/first_ws/build/CMakeFiles/CMakeTmp'
Makefile:126: recipe for target 'cmTC_5ab7d/fast' failed
make: *** [cmTC_5ab7d/fast] Error 2

File /home/sarah/ROS/AUCRobotics/day3/tasks/first_ws/build/CMakeFiles/CMakeTmp/CheckSymbolExists.c:
/* */
#include <pthread.h>

int main(int argc, char** argv)
{
  (void)argv;
#ifndef pthread_create
  return ((int*)(&pthread_create))[argc];
#else
  (void)argc;
  return 0;
#endif
}

Determining if the function pthread_create exists in the pthreads failed with the following output:
Change Dir: /home/sarah/ROS/AUCRobotics/day3/tasks/first_ws/build/CMakeFiles/CMakeTmp

Run Build Command:"/usr/bin/make" "cmTC_8b7ac/fast"
/usr/bin/make -f CMakeFiles/cmTC_8b7ac.dir/build.make CMakeFiles/cmTC_8b7ac.dir/build
make[1]: Entering directory '/home/sarah/ROS/AUCRobotics/day3/tasks/first_ws/build/CMakeFiles/CMakeTmp'
Building C object CMakeFiles/cmTC_8b7ac.dir/CheckFunctionExists.c.o
/usr/bin/cc   -DCHECK_FUNCTION_EXISTS=pthread_create   -o CMakeFiles/cmTC_8b7ac.dir/CheckFunctionExists.c.o   -c /usr/share/cmake-3.10/Modules/CheckFunctionExists.c
Linking C executable cmTC_8b7ac
/usr/bin/cmake -E cmake_link_script CMakeFiles/cmTC_8b7ac.dir/link.txt --verbose=1
/usr/bin/cc  -DCHECK_FUNCTION_EXISTS=pthread_create    -rdynamic CMakeFiles/cmTC_8b7ac.dir/CheckFunctionExists.c.o  -o cmTC_8b7ac -lpthreads 
/usr/bin/ld: cannot find -lpthreads
collect2: error: ld returned 1 exit status
CMakeFiles/cmTC_8b7ac.dir/build.make:97: recipe for target 'cmTC_8b7ac' failed
make[1]: *** [cmTC_8b7ac] Error 1
make[1]: Leaving directory '/home/sarah/ROS/AUCRobotics/day3/tasks/first_ws/build/CMakeFiles/CMakeTmp'
Makefile:126: recipe for target 'cmTC_8b7ac/fast' failed
make: *** [cmTC_8b7ac/fast] Error 2


